<?xml version="1.0" encoding="UTF-8"?>
<!-- Generated by org.testng.reporters.JUnitReportReporter -->
<testsuite hostname="LAPTOP-LUOM9UGK" failures="0" tests="2" name="com.testing.E_Commerce.TestCase1" time="18.660" errors="0" timestamp="2022-01-25T11:01:01 IST" skipped="0">
  <testcase classname="com.testing.E_Commerce.TestCase1" name="loginAndCheckoutUsingBankTransfer" time="9.595"/>
  <system-out/>
  <testcase classname="com.testing.E_Commerce.TestCase1" name="checkoutUsingBankTransfer" time="9.065"/>
  <system-out/>
</testsuite> <!-- com.testing.E_Commerce.TestCase1 -->
