<?xml version="1.0" encoding="UTF-8"?>
<!-- Generated by org.testng.reporters.JUnitReportReporter -->
<testsuite hostname="LAPTOP-LUOM9UGK" failures="0" tests="2" name="com.testing.E_Commerce.TestCase1" time="20.137" errors="0" timestamp="2022-01-25T10:53:41 IST" skipped="0">
  <testcase classname="com.testing.E_Commerce.TestCase1" name="loginAndCheckoutUsingBankTransfer" time="10.242"/>
  <system-out/>
  <testcase classname="com.testing.E_Commerce.TestCase1" name="checkoutUsingBankTransfer" time="9.895"/>
  <system-out/>
</testsuite> <!-- com.testing.E_Commerce.TestCase1 -->
