<?xml version="1.0" encoding="UTF-8"?>
<!-- Generated by org.testng.reporters.JUnitReportReporter -->
<testsuite hostname="LAPTOP-LUOM9UGK" failures="0" tests="1" name="com.testing.E_Commerce.AppTest" time="0.000" errors="0" timestamp="2022-01-27T11:12:27 IST" skipped="0">
  <testcase classname="com.testing.E_Commerce.AppTest" name="testApp" time="0.000"/>
  <system-out/>
</testsuite> <!-- com.testing.E_Commerce.AppTest -->
