<?xml version="1.0" encoding="UTF-8"?>
<!-- Generated by org.testng.reporters.JUnitReportReporter -->
<testsuite hostname="LAPTOP-LUOM9UGK" failures="0" tests="1" name="com.testing.E_Commerce.AppTest" time="0.001" errors="0" timestamp="2022-01-25T10:53:41 IST" skipped="0">
  <testcase classname="com.testing.E_Commerce.AppTest" name="testApp" time="0.001"/>
  <system-out/>
</testsuite> <!-- com.testing.E_Commerce.AppTest -->
