<?xml version="1.0" encoding="UTF-8"?>
<!-- Generated by org.testng.reporters.JUnitReportReporter -->
<testsuite hostname="LAPTOP-LUOM9UGK" failures="0" tests="2" name="com.testing.E_Commerce.TestCase1" time="24.460" errors="0" timestamp="2022-01-27T11:16:24 IST" skipped="0">
  <testcase classname="com.testing.E_Commerce.TestCase1" name="checkoutUsingBankTransfer" time="12.920"/>
  <system-out/>
  <testcase classname="com.testing.E_Commerce.TestCase1" name="loginAndCheckoutUsingBankTransfer" time="11.540"/>
  <system-out/>
</testsuite> <!-- com.testing.E_Commerce.TestCase1 -->
