<?xml version="1.0" encoding="UTF-8"?>
<!-- Generated by org.testng.reporters.JUnitReportReporter -->
<testsuite hostname="LAPTOP-LUOM9UGK" failures="0" tests="1" name="com.testing.E_Commerce.AddToCartTest" time="8.785" errors="0" timestamp="2022-02-01T10:14:24 IST" skipped="0">
  <testcase classname="com.testing.E_Commerce.AddToCartTest" name="addToCartFromStorePage" time="8.785"/>
  <system-out/>
</testsuite> <!-- com.testing.E_Commerce.AddToCartTest -->
