<?xml version="1.0" encoding="UTF-8"?>
<!-- Generated by org.testng.reporters.JUnitReportReporter -->
<testsuite hostname="LAPTOP-LUOM9UGK" failures="0" tests="1" name="com.testing.E_Commerce.TestCase1" time="9.899" errors="0" timestamp="2022-01-21T10:37:45 IST" skipped="0">
  <testcase classname="com.testing.E_Commerce.TestCase1" name="checkoutUsingBankTransfer" time="9.899"/>
  <system-out/>
</testsuite> <!-- com.testing.E_Commerce.TestCase1 -->
