<?xml version="1.0" encoding="UTF-8"?>
<!-- Generated by org.testng.reporters.JUnitReportReporter -->
<testsuite hostname="LAPTOP-LUOM9UGK" failures="0" tests="4" name="com.testing.E_Commerce.TestCase1" time="82.668" errors="0" timestamp="2022-01-31T09:59:13 IST" skipped="0">
  <testcase classname="com.testing.E_Commerce.TestCase1" name="loginAndCheckoutUsingBankTransfer" time="18.380"/>
  <system-out/>
  <testcase classname="com.testing.E_Commerce.TestCase1" name="checkoutUsingBankTransfer" time="18.218"/>
  <system-out/>
  <testcase classname="com.testing.E_Commerce.TestCase1" name="loginAndCheckoutUsingBankTransfer" time="22.155"/>
  <system-out/>
  <testcase classname="com.testing.E_Commerce.TestCase1" name="checkoutUsingBankTransfer" time="23.915"/>
  <system-out/>
</testsuite> <!-- com.testing.E_Commerce.TestCase1 -->
