<?xml version="1.0" encoding="UTF-8"?>
<!-- Generated by org.testng.reporters.JUnitReportReporter -->
<testsuite hostname="LAPTOP-LUOM9UGK" failures="0" tests="1" name="com.testing.E_Commerce.TestCase1" time="24.074" errors="0" timestamp="2022-01-21T10:03:38 IST" skipped="0">
  <testcase classname="com.testing.E_Commerce.TestCase1" name="loginAndCheckoutUsingBankTransfer" time="24.074"/>
  <system-out/>
</testsuite> <!-- com.testing.E_Commerce.TestCase1 -->
