<?xml version="1.0" encoding="UTF-8"?>
<!-- Generated by org.testng.reporters.JUnitReportReporter -->
<testsuite hostname="LAPTOP-LUOM9UGK" failures="0" tests="1" name="com.testing.E_Commerce.NavigationTest" time="6.894" errors="0" timestamp="2022-02-01T09:56:49 IST" skipped="0">
  <testcase classname="com.testing.E_Commerce.NavigationTest" name="navigateFromHomeToStorePage" time="6.894"/>
  <system-out/>
</testsuite> <!-- com.testing.E_Commerce.NavigationTest -->
