<?xml version="1.0" encoding="UTF-8"?>
<!-- Generated by org.testng.reporters.JUnitReportReporter -->
<testsuite hostname="LAPTOP-LUOM9UGK" failures="0" tests="1" name="com.testing.E_Commerce.SearchTest" time="7.206" errors="0" timestamp="2022-02-01T09:58:43 IST" skipped="0">
  <testcase classname="com.testing.E_Commerce.SearchTest" name="searchWithPartialMatch" time="7.206"/>
  <system-out/>
</testsuite> <!-- com.testing.E_Commerce.SearchTest -->
